<?xml version="1.0" encoding="UTF-8"?>
<!-- Generated by org.testng.reporters.JUnitXMLReporter -->
<testsuite ignored="0" hostname="LTIN230313" failures="0" tests="9" name="Surefire test" time="0.239" errors="0" timestamp="2024-02-26T22:45:11 IST">
  <testcase classname="com.regressiontestcases.RegressionTests" name="@BeforeClass setup" time="-1.708967711447E9">
    <failure type="org.testng.TestNGException" message="
Parameter &amp;apos;browser&amp;apos; is required by BeforeClass on method setup but has not been marked @Optional or defined
">
      <![CDATA[org.testng.TestNGException: 
Parameter 'browser' is required by BeforeClass on method setup but has not been marked @Optional or defined

at java.base/java.util.ArrayList.forEach(ArrayList.java:1511)
... Removed 27 stack frames]]>
    </failure>
  </testcase> <!-- @BeforeClass setup -->
  <testcase classname="com.regressiontestcases.RegressionTests" name="@AfterClass closeDriver" time="0.0">
    <skipped/>
  </testcase> <!-- @AfterClass closeDriver -->
  <testcase classname="com.smoketestcases.SmokeTest" name="@BeforeClass setup" time="-1.708967711534E9">
    <failure type="org.testng.TestNGException" message="
Parameter &amp;apos;browser&amp;apos; is required by BeforeClass on method setup but has not been marked @Optional or defined
">
      <![CDATA[org.testng.TestNGException: 
Parameter 'browser' is required by BeforeClass on method setup but has not been marked @Optional or defined

at java.base/java.util.ArrayList.forEach(ArrayList.java:1511)
... Removed 27 stack frames]]>
    </failure>
  </testcase> <!-- @BeforeClass setup -->
  <testcase classname="com.smoketestcases.SmokeTest" name="@AfterClass closeDriver" time="0.0">
    <skipped/>
  </testcase> <!-- @AfterClass closeDriver -->
  <testcase classname="test.AllTests" name="@BeforeClass setup" time="-1.708967711582E9">
    <failure type="org.testng.TestNGException" message="
Parameter &amp;apos;browser&amp;apos; is required by BeforeClass on method setup but has not been marked @Optional or defined
">
      <![CDATA[org.testng.TestNGException: 
Parameter 'browser' is required by BeforeClass on method setup but has not been marked @Optional or defined

at java.base/java.util.ArrayList.forEach(ArrayList.java:1511)
... Removed 27 stack frames]]>
    </failure>
  </testcase> <!-- @BeforeClass setup -->
  <testcase classname="test.AllTests" name="@AfterMethod teardown" time="0.0">
    <skipped/>
  </testcase> <!-- @AfterMethod teardown -->
  <testcase classname="test.AllTests" name="@AfterMethod teardown" time="0.0">
    <skipped/>
  </testcase> <!-- @AfterMethod teardown -->
  <testcase classname="test.AllTests" name="@AfterMethod teardown" time="0.0">
    <skipped/>
  </testcase> <!-- @AfterMethod teardown -->
  <testcase classname="test.AllTests" name="@AfterClass closeDriver" time="0.0">
    <skipped/>
  </testcase> <!-- @AfterClass closeDriver -->
  <testcase classname="com.regressiontestcases.RegressionTests" name="upComingBikes" time="0.0">
    <skipped/>
  </testcase> <!-- upComingBikes -->
  <testcase classname="com.regressiontestcases.RegressionTests" name="usedCars" time="0.0">
    <skipped/>
  </testcase> <!-- usedCars -->
  <testcase classname="com.regressiontestcases.RegressionTests" name="testGoogleSignIn" time="0.001">
    <skipped/>
  </testcase> <!-- testGoogleSignIn -->
  <testcase classname="com.smoketestcases.SmokeTest" name="upComingBikes" time="0.0">
    <skipped/>
  </testcase> <!-- upComingBikes -->
  <testcase classname="com.smoketestcases.SmokeTest" name="usedCars" time="0.001">
    <skipped/>
  </testcase> <!-- usedCars -->
  <testcase classname="com.smoketestcases.SmokeTest" name="testGoogleSignIn" time="0.005">
    <skipped/>
  </testcase> <!-- testGoogleSignIn -->
  <testcase classname="test.AllTests" name="upComingBikes" time="0.0">
    <skipped/>
  </testcase> <!-- upComingBikes -->
  <testcase classname="test.AllTests" name="usedCars" time="0.001">
    <skipped/>
  </testcase> <!-- usedCars -->
  <testcase classname="test.AllTests" name="testGoogleSignIn" time="0.0">
    <skipped/>
  </testcase> <!-- testGoogleSignIn -->
</testsuite> <!-- Surefire test -->
